<?xml version="1.0" encoding="UTF-8"?>
<testsuite xmlns:xsi="http://www.w3.org/2001/XMLSchema-instance" xsi:noNamespaceSchemaLocation="https://maven.apache.org/surefire/maven-surefire-plugin/xsd/surefire-test-report.xsd" version="3.0.2" name="br.com.UsuarioServiceTest" time="0.515" tests="6" errors="0" skipped="0" failures="0">
  <properties>
    <property name="java.specification.version" value="21"/>
    <property name="sun.cpu.isalist" value="amd64"/>
    <property name="test.url" value="http://localhost:8081"/>
    <property name="sun.jnu.encoding" value="Cp1252"/>
    <property name="java.class.path" value="C:\Users\Foton\Documents\projetos\desafio_dev_senior\target\test-classes;C:\Users\Foton\Documents\projetos\desafio_dev_senior\target\classes;C:\Users\Foton\.m2\repository\io\quarkus\quarkus-arc\3.2.12.Final\quarkus-arc-3.2.12.Final.jar;C:\Users\Foton\.m2\repository\io\quarkus\arc\arc\3.2.12.Final\arc-3.2.12.Final.jar;C:\Users\Foton\.m2\repository\jakarta\enterprise\jakarta.enterprise.cdi-api\4.0.1\jakarta.enterprise.cdi-api-4.0.1.jar;C:\Users\Foton\.m2\repository\jakarta\enterprise\jakarta.enterprise.lang-model\4.0.1\jakarta.enterprise.lang-model-4.0.1.jar;C:\Users\Foton\.m2\repository\jakarta\transaction\jakarta.transaction-api\2.0.1\jakarta.transaction-api-2.0.1.jar;C:\Users\Foton\.m2\repository\io\smallrye\reactive\mutiny\2.3.1\mutiny-2.3.1.jar;C:\Users\Foton\.m2\repository\org\jboss\logging\jboss-logging\3.5.1.Final\jboss-logging-3.5.1.Final.jar;C:\Users\Foton\.m2\repository\io\quarkus\quarkus-core\3.2.12.Final\quarkus-core-3.2.12.Final.jar;C:\Users\Foton\.m2\repository\jakarta\inject\jakarta.inject-api\2.0.1\jakarta.inject-api-2.0.1.jar;C:\Users\Foton\.m2\repository\io\smallrye\common\smallrye-common-os\2.1.0\smallrye-common-os-2.1.0.jar;C:\Users\Foton\.m2\repository\io\quarkus\quarkus-ide-launcher\3.2.12.Final\quarkus-ide-launcher-3.2.12.Final.jar;C:\Users\Foton\.m2\repository\io\quarkus\quarkus-development-mode-spi\3.2.12.Final\quarkus-development-mode-spi-3.2.12.Final.jar;C:\Users\Foton\.m2\repository\io\smallrye\config\smallrye-config\3.3.2\smallrye-config-3.3.2.jar;C:\Users\Foton\.m2\repository\io\smallrye\config\smallrye-config-core\3.3.2\smallrye-config-core-3.3.2.jar;C:\Users\Foton\.m2\repository\io\smallrye\common\smallrye-common-expression\2.1.0\smallrye-common-expression-2.1.0.jar;C:\Users\Foton\.m2\repository\io\smallrye\common\smallrye-common-function\2.1.0\smallrye-common-function-2.1.0.jar;C:\Users\Foton\.m2\repository\io\smallrye\common\smallrye-common-classloader\2.1.0\smallrye-common-classloader-2.1.0.jar;C:\Users\Foton\.m2\repository\io\smallrye\config\smallrye-config-common\3.3.2\smallrye-config-common-3.3.2.jar;C:\Users\Foton\.m2\repository\org\jboss\logmanager\jboss-logmanager-embedded\1.1.1\jboss-logmanager-embedded-1.1.1.jar;C:\Users\Foton\.m2\repository\org\jboss\logging\jboss-logging-annotations\2.2.1.Final\jboss-logging-annotations-2.2.1.Final.jar;C:\Users\Foton\.m2\repository\org\jboss\threads\jboss-threads\3.5.0.Final\jboss-threads-3.5.0.Final.jar;C:\Users\Foton\.m2\repository\org\slf4j\slf4j-api\2.0.6\slf4j-api-2.0.6.jar;C:\Users\Foton\.m2\repository\org\jboss\slf4j\slf4j-jboss-logmanager\2.0.0.Final\slf4j-jboss-logmanager-2.0.0.Final.jar;C:\Users\Foton\.m2\repository\org\graalvm\sdk\graal-sdk\23.0.1\graal-sdk-23.0.1.jar;C:\Users\Foton\.m2\repository\org\wildfly\common\wildfly-common\1.5.4.Final-format-001\wildfly-common-1.5.4.Final-format-001.jar;C:\Users\Foton\.m2\repository\io\quarkus\quarkus-bootstrap-runner\3.2.12.Final\quarkus-bootstrap-runner-3.2.12.Final.jar;C:\Users\Foton\.m2\repository\io\quarkus\quarkus-fs-util\0.0.9\quarkus-fs-util-0.0.9.jar;C:\Users\Foton\.m2\repository\org\eclipse\microprofile\context-propagation\microprofile-context-propagation-api\1.3\microprofile-context-propagation-api-1.3.jar;C:\Users\Foton\.m2\repository\io\quarkus\quarkus-junit5\3.2.12.Final\quarkus-junit5-3.2.12.Final.jar;C:\Users\Foton\.m2\repository\io\quarkus\quarkus-bootstrap-core\3.2.12.Final\quarkus-bootstrap-core-3.2.12.Final.jar;C:\Users\Foton\.m2\repository\io\quarkus\quarkus-bootstrap-app-model\3.2.12.Final\quarkus-bootstrap-app-model-3.2.12.Final.jar;C:\Users\Foton\.m2\repository\io\smallrye\common\smallrye-common-io\2.1.0\smallrye-common-io-2.1.0.jar;C:\Users\Foton\.m2\repository\org\eclipse\sisu\org.eclipse.sisu.inject\0.3.5\org.eclipse.sisu.inject-0.3.5.jar;C:\Users\Foton\.m2\repository\io\quarkus\quarkus-test-common\3.2.12.Final\quarkus-test-common-3.2.12.Final.jar;C:\Users\Foton\.m2\repository\io\quarkus\quarkus-core-deployment\3.2.12.Final\quarkus-core-deployment-3.2.12.Final.jar;C:\Users\Foton\.m2\repository\org\aesh\readline\2.4\readline-2.4.jar;C:\Users\Foton\.m2\repository\org\fusesource\jansi\jansi\2.4.0\jansi-2.4.0.jar;C:\Users\Foton\.m2\repository\org\aesh\aesh\2.7\aesh-2.7.jar;C:\Users\Foton\.m2\repository\io\quarkus\gizmo\gizmo\1.6.1.Final\gizmo-1.6.1.Final.jar;C:\Users\Foton\.m2\repository\org\ow2\asm\asm-util\9.5\asm-util-9.5.jar;C:\Users\Foton\.m2\repository\org\ow2\asm\asm-analysis\9.5\asm-analysis-9.5.jar;C:\Users\Foton\.m2\repository\org\ow2\asm\asm\9.5\asm-9.5.jar;C:\Users\Foton\.m2\repository\org\ow2\asm\asm-commons\9.5\asm-commons-9.5.jar;C:\Users\Foton\.m2\repository\org\ow2\asm\asm-tree\9.5\asm-tree-9.5.jar;C:\Users\Foton\.m2\repository\io\quarkus\quarkus-class-change-agent\3.2.12.Final\quarkus-class-change-agent-3.2.12.Final.jar;C:\Users\Foton\.m2\repository\io\quarkus\quarkus-devtools-utilities\3.2.12.Final\quarkus-devtools-utilities-3.2.12.Final.jar;C:\Users\Foton\.m2\repository\io\quarkus\quarkus-builder\3.2.12.Final\quarkus-builder-3.2.12.Final.jar;C:\Users\Foton\.m2\repository\org\junit\platform\junit-platform-launcher\1.9.3\junit-platform-launcher-1.9.3.jar;C:\Users\Foton\.m2\repository\io\quarkus\quarkus-bootstrap-maven-resolver\3.2.12.Final\quarkus-bootstrap-maven-resolver-3.2.12.Final.jar;C:\Users\Foton\.m2\repository\io\smallrye\beanbag\smallrye-beanbag-maven\1.3.2\smallrye-beanbag-maven-1.3.2.jar;C:\Users\Foton\.m2\repository\io\smallrye\beanbag\smallrye-beanbag-sisu\1.3.2\smallrye-beanbag-sisu-1.3.2.jar;C:\Users\Foton\.m2\repository\io\smallrye\beanbag\smallrye-beanbag\1.3.2\smallrye-beanbag-1.3.2.jar;C:\Users\Foton\.m2\repository\javax\inject\javax.inject\1\javax.inject-1.jar;C:\Users\Foton\.m2\repository\org\apache\maven\maven-artifact\3.9.3\maven-artifact-3.9.3.jar;C:\Users\Foton\.m2\repository\org\apache\maven\maven-builder-support\3.9.3\maven-builder-support-3.9.3.jar;C:\Users\Foton\.m2\repository\org\apache\maven\maven-model\3.9.3\maven-model-3.9.3.jar;C:\Users\Foton\.m2\repository\org\apache\maven\maven-model-builder\3.9.3\maven-model-builder-3.9.3.jar;C:\Users\Foton\.m2\repository\org\apache\maven\maven-repository-metadata\3.9.3\maven-repository-metadata-3.9.3.jar;C:\Users\Foton\.m2\repository\org\apache\maven\maven-settings\3.9.3\maven-settings-3.9.3.jar;C:\Users\Foton\.m2\repository\org\apache\maven\resolver\maven-resolver-api\1.9.13\maven-resolver-api-1.9.13.jar;C:\Users\Foton\.m2\repository\org\apache\maven\resolver\maven-resolver-impl\1.9.13\maven-resolver-impl-1.9.13.jar;C:\Users\Foton\.m2\repository\org\apache\maven\resolver\maven-resolver-named-locks\1.9.13\maven-resolver-named-locks-1.9.13.jar;C:\Users\Foton\.m2\repository\org\apache\maven\resolver\maven-resolver-spi\1.9.13\maven-resolver-spi-1.9.13.jar;C:\Users\Foton\.m2\repository\org\apache\maven\resolver\maven-resolver-util\1.9.13\maven-resolver-util-1.9.13.jar;C:\Users\Foton\.m2\repository\org\apache\maven\resolver\maven-resolver-transport-http\1.9.10\maven-resolver-transport-http-1.9.10.jar;C:\Users\Foton\.m2\repository\org\apache\maven\wagon\wagon-provider-api\3.5.3\wagon-provider-api-3.5.3.jar;C:\Users\Foton\.m2\repository\org\apache\maven\wagon\wagon-http-shared\3.5.3\wagon-http-shared-3.5.3.jar;C:\Users\Foton\.m2\repository\org\codehaus\plexus\plexus-interpolation\1.26\plexus-interpolation-1.26.jar;C:\Users\Foton\.m2\repository\org\codehaus\plexus\plexus-utils\3.5.1\plexus-utils-3.5.1.jar;C:\Users\Foton\.m2\repository\org\codehaus\plexus\plexus-xml\4.0.0\plexus-xml-4.0.0.jar;C:\Users\Foton\.m2\repository\org\apache\maven\maven-xml-impl\4.0.0-alpha-5\maven-xml-impl-4.0.0-alpha-5.jar;C:\Users\Foton\.m2\repository\org\apache\maven\maven-api-xml\4.0.0-alpha-5\maven-api-xml-4.0.0-alpha-5.jar;C:\Users\Foton\.m2\repository\org\apache\maven\maven-api-meta\4.0.0-alpha-5\maven-api-meta-4.0.0-alpha-5.jar;C:\Users\Foton\.m2\repository\org\codehaus\plexus\plexus-cipher\2.0\plexus-cipher-2.0.jar;C:\Users\Foton\.m2\repository\org\codehaus\plexus\plexus-sec-dispatcher\2.0\plexus-sec-dispatcher-2.0.jar;C:\Users\Foton\.m2\repository\org\apache\maven\maven-embedder\3.9.3\maven-embedder-3.9.3.jar;C:\Users\Foton\.m2\repository\org\apache\maven\maven-core\3.9.3\maven-core-3.9.3.jar;C:\Users\Foton\.m2\repository\org\codehaus\plexus\plexus-component-annotations\2.1.0\plexus-component-annotations-2.1.0.jar;C:\Users\Foton\.m2\repository\org\apache\maven\maven-plugin-api\3.9.3\maven-plugin-api-3.9.3.jar;C:\Users\Foton\.m2\repository\org\apache\maven\shared\maven-shared-utils\3.3.4\maven-shared-utils-3.3.4.jar;C:\Users\Foton\.m2\repository\com\google\inject\guice\5.1.0\guice-5.1.0.jar;C:\Users\Foton\.m2\repository\aopalliance\aopalliance\1.0\aopalliance-1.0.jar;C:\Users\Foton\.m2\repository\com\google\guava\guava\32.0.0-jre\guava-32.0.0-jre.jar;C:\Users\Foton\.m2\repository\com\google\guava\failureaccess\1.0.1\failureaccess-1.0.1.jar;C:\Users\Foton\.m2\repository\javax\annotation\javax.annotation-api\1.3.2\javax.annotation-api-1.3.2.jar;C:\Users\Foton\.m2\repository\org\codehaus\plexus\plexus-classworlds\2.6.0\plexus-classworlds-2.6.0.jar;C:\Users\Foton\.m2\repository\commons-cli\commons-cli\1.5.0\commons-cli-1.5.0.jar;C:\Users\Foton\.m2\repository\org\eclipse\sisu\org.eclipse.sisu.plexus\0.3.5\org.eclipse.sisu.plexus-0.3.5.jar;C:\Users\Foton\.m2\repository\org\apache\maven\maven-settings-builder\3.9.3\maven-settings-builder-3.9.3.jar;C:\Users\Foton\.m2\repository\org\apache\maven\maven-resolver-provider\3.9.3\maven-resolver-provider-3.9.3.jar;C:\Users\Foton\.m2\repository\org\apache\maven\resolver\maven-resolver-connector-basic\1.9.13\maven-resolver-connector-basic-1.9.13.jar;C:\Users\Foton\.m2\repository\org\apache\maven\resolver\maven-resolver-transport-wagon\1.9.13\maven-resolver-transport-wagon-1.9.13.jar;C:\Users\Foton\.m2\repository\org\apache\maven\wagon\wagon-http\3.5.3\wagon-http-3.5.3.jar;C:\Users\Foton\.m2\repository\org\apache\maven\wagon\wagon-file\3.5.3\wagon-file-3.5.3.jar;C:\Users\Foton\.m2\repository\io\quarkus\quarkus-bootstrap-gradle-resolver\3.2.12.Final\quarkus-bootstrap-gradle-resolver-3.2.12.Final.jar;C:\Users\Foton\.m2\repository\io\smallrye\jandex\3.1.6\jandex-3.1.6.jar;C:\Users\Foton\.m2\repository\commons-io\commons-io\2.13.0\commons-io-2.13.0.jar;C:\Users\Foton\.m2\repository\org\jboss\logging\commons-logging-jboss-logging\1.0.0.Final\commons-logging-jboss-logging-1.0.0.Final.jar;C:\Users\Foton\.m2\repository\io\quarkus\quarkus-junit5-properties\3.2.12.Final\quarkus-junit5-properties-3.2.12.Final.jar;C:\Users\Foton\.m2\repository\org\junit\jupiter\junit-jupiter\5.9.3\junit-jupiter-5.9.3.jar;C:\Users\Foton\.m2\repository\org\junit\jupiter\junit-jupiter-api\5.9.3\junit-jupiter-api-5.9.3.jar;C:\Users\Foton\.m2\repository\org\opentest4j\opentest4j\1.2.0\opentest4j-1.2.0.jar;C:\Users\Foton\.m2\repository\org\junit\platform\junit-platform-commons\1.9.3\junit-platform-commons-1.9.3.jar;C:\Users\Foton\.m2\repository\org\apiguardian\apiguardian-api\1.1.2\apiguardian-api-1.1.2.jar;C:\Users\Foton\.m2\repository\org\junit\jupiter\junit-jupiter-params\5.9.3\junit-jupiter-params-5.9.3.jar;C:\Users\Foton\.m2\repository\org\junit\jupiter\junit-jupiter-engine\5.9.3\junit-jupiter-engine-5.9.3.jar;C:\Users\Foton\.m2\repository\org\junit\platform\junit-platform-engine\1.9.3\junit-platform-engine-1.9.3.jar;C:\Users\Foton\.m2\repository\com\thoughtworks\xstream\xstream\1.4.20\xstream-1.4.20.jar;C:\Users\Foton\.m2\repository\io\github\x-stream\mxparser\1.2.2\mxparser-1.2.2.jar;C:\Users\Foton\.m2\repository\xmlpull\xmlpull\1.1.3.1\xmlpull-1.1.3.1.jar;C:\Users\Foton\.m2\repository\io\rest-assured\rest-assured\5.3.0\rest-assured-5.3.0.jar;C:\Users\Foton\.m2\repository\org\apache\groovy\groovy\4.0.6\groovy-4.0.6.jar;C:\Users\Foton\.m2\repository\org\apache\groovy\groovy-xml\4.0.6\groovy-xml-4.0.6.jar;C:\Users\Foton\.m2\repository\org\apache\httpcomponents\httpclient\4.5.14\httpclient-4.5.14.jar;C:\Users\Foton\.m2\repository\org\apache\httpcomponents\httpcore\4.4.16\httpcore-4.4.16.jar;C:\Users\Foton\.m2\repository\commons-codec\commons-codec\1.16.0\commons-codec-1.16.0.jar;C:\Users\Foton\.m2\repository\org\apache\httpcomponents\httpmime\4.5.14\httpmime-4.5.14.jar;C:\Users\Foton\.m2\repository\org\hamcrest\hamcrest\2.1\hamcrest-2.1.jar;C:\Users\Foton\.m2\repository\org\ccil\cowan\tagsoup\tagsoup\1.2.1\tagsoup-1.2.1.jar;C:\Users\Foton\.m2\repository\io\rest-assured\json-path\5.3.0\json-path-5.3.0.jar;C:\Users\Foton\.m2\repository\org\apache\groovy\groovy-json\4.0.6\groovy-json-4.0.6.jar;C:\Users\Foton\.m2\repository\io\rest-assured\rest-assured-common\5.3.0\rest-assured-common-5.3.0.jar;C:\Users\Foton\.m2\repository\io\rest-assured\xml-path\5.3.0\xml-path-5.3.0.jar;C:\Users\Foton\.m2\repository\org\apache\commons\commons-lang3\3.12.0\commons-lang3-3.12.0.jar;C:\Users\Foton\.m2\repository\org\testcontainers\postgresql\1.18.3\postgresql-1.18.3.jar;C:\Users\Foton\.m2\repository\org\testcontainers\jdbc\1.18.3\jdbc-1.18.3.jar;C:\Users\Foton\.m2\repository\org\testcontainers\database-commons\1.18.3\database-commons-1.18.3.jar;C:\Users\Foton\.m2\repository\org\testcontainers\testcontainers\1.18.3\testcontainers-1.18.3.jar;C:\Users\Foton\.m2\repository\junit\junit\4.13.2\junit-4.13.2.jar;C:\Users\Foton\.m2\repository\org\apache\commons\commons-compress\1.26.0\commons-compress-1.26.0.jar;C:\Users\Foton\.m2\repository\org\rnorth\duct-tape\duct-tape\1.0.8\duct-tape-1.0.8.jar;C:\Users\Foton\.m2\repository\org\jetbrains\annotations\24.0.1\annotations-24.0.1.jar;C:\Users\Foton\.m2\repository\com\github\docker-java\docker-java-api\3.3.0\docker-java-api-3.3.0.jar;C:\Users\Foton\.m2\repository\com\github\docker-java\docker-java-transport-zerodep\3.3.0\docker-java-transport-zerodep-3.3.0.jar;C:\Users\Foton\.m2\repository\com\github\docker-java\docker-java-transport\3.3.0\docker-java-transport-3.3.0.jar;C:\Users\Foton\.m2\repository\net\java\dev\jna\jna\5.8.0\jna-5.8.0.jar;C:\Users\Foton\.m2\repository\io\quarkus\quarkus-hibernate-orm-panache\3.2.12.Final\quarkus-hibernate-orm-panache-3.2.12.Final.jar;C:\Users\Foton\.m2\repository\io\quarkus\quarkus-hibernate-orm\3.2.12.Final\quarkus-hibernate-orm-3.2.12.Final.jar;C:\Users\Foton\.m2\repository\io\quarkus\quarkus-agroal\3.2.12.Final\quarkus-agroal-3.2.12.Final.jar;C:\Users\Foton\.m2\repository\io\quarkus\quarkus-datasource\3.2.12.Final\quarkus-datasource-3.2.12.Final.jar;C:\Users\Foton\.m2\repository\io\agroal\agroal-api\2.1\agroal-api-2.1.jar;C:\Users\Foton\.m2\repository\io\agroal\agroal-narayana\2.1\agroal-narayana-2.1.jar;C:\Users\Foton\.m2\repository\org\jboss\jboss-transaction-spi\8.0.0.Final\jboss-transaction-spi-8.0.0.Final.jar;C:\Users\Foton\.m2\repository\io\agroal\agroal-pool\2.1\agroal-pool-2.1.jar;C:\Users\Foton\.m2\repository\io\quarkus\quarkus-narayana-jta\3.2.12.Final\quarkus-narayana-jta-3.2.12.Final.jar;C:\Users\Foton\.m2\repository\io\quarkus\quarkus-transaction-annotations\3.2.12.Final\quarkus-transaction-annotations-3.2.12.Final.jar;C:\Users\Foton\.m2\repository\io\quarkus\quarkus-datasource-common\3.2.12.Final\quarkus-datasource-common-3.2.12.Final.jar;C:\Users\Foton\.m2\repository\io\smallrye\smallrye-context-propagation-jta\2.1.0\smallrye-context-propagation-jta-2.1.0.jar;C:\Users\Foton\.m2\repository\io\smallrye\reactive\smallrye-reactive-converter-api\3.0.1\smallrye-reactive-converter-api-3.0.1.jar;C:\Users\Foton\.m2\repository\org\reactivestreams\reactive-streams\1.0.4\reactive-streams-1.0.4.jar;C:\Users\Foton\.m2\repository\io\smallrye\reactive\smallrye-reactive-converter-mutiny\3.0.1\smallrye-reactive-converter-mutiny-3.0.1.jar;C:\Users\Foton\.m2\repository\io\smallrye\reactive\mutiny-zero-flow-adapters\1.0.0\mutiny-zero-flow-adapters-1.0.0.jar;C:\Users\Foton\.m2\repository\org\jboss\narayana\jta\narayana-jta\6.0.1.Final\narayana-jta-6.0.1.Final.jar;C:\Users\Foton\.m2\repository\jakarta\resource\jakarta.resource-api\2.1.0\jakarta.resource-api-2.1.0.jar;C:\Users\Foton\.m2\repository\org\jboss\invocation\jboss-invocation\2.0.0.Final\jboss-invocation-2.0.0.Final.jar;C:\Users\Foton\.m2\repository\jakarta\ejb\jakarta.ejb-api\4.0.1\jakarta.ejb-api-4.0.1.jar;C:\Users\Foton\.m2\repository\org\eclipse\microprofile\reactive-streams-operators\microprofile-reactive-streams-operators-api\3.0\microprofile-reactive-streams-operators-api-3.0.jar;C:\Users\Foton\.m2\repository\org\jboss\narayana\jts\narayana-jts-integration\6.0.1.Final\narayana-jts-integration-6.0.1.Final.jar;C:\Users\Foton\.m2\repository\org\hibernate\orm\hibernate-core\6.2.18.Final\hibernate-core-6.2.18.Final.jar;C:\Users\Foton\.m2\repository\org\antlr\antlr4-runtime\4.10.1\antlr4-runtime-4.10.1.jar;C:\Users\Foton\.m2\repository\net\bytebuddy\byte-buddy\1.14.7\byte-buddy-1.14.7.jar;C:\Users\Foton\.m2\repository\org\hibernate\common\hibernate-commons-annotations\6.0.6.Final\hibernate-commons-annotations-6.0.6.Final.jar;C:\Users\Foton\.m2\repository\org\hibernate\orm\hibernate-graalvm\6.2.18.Final\hibernate-graalvm-6.2.18.Final.jar;C:\Users\Foton\.m2\repository\org\glassfish\jaxb\jaxb-runtime\4.0.3\jaxb-runtime-4.0.3.jar;C:\Users\Foton\.m2\repository\org\glassfish\jaxb\jaxb-core\4.0.3\jaxb-core-4.0.3.jar;C:\Users\Foton\.m2\repository\org\eclipse\angus\angus-activation\2.0.1\angus-activation-2.0.1.jar;C:\Users\Foton\.m2\repository\org\glassfish\jaxb\txw2\4.0.3\txw2-4.0.3.jar;C:\Users\Foton\.m2\repository\com\sun\istack\istack-commons-runtime\4.1.2\istack-commons-runtime-4.1.2.jar;C:\Users\Foton\.m2\repository\jakarta\xml\bind\jakarta.xml.bind-api\4.0.0\jakarta.xml.bind-api-4.0.0.jar;C:\Users\Foton\.m2\repository\jakarta\activation\jakarta.activation-api\2.1.2\jakarta.activation-api-2.1.2.jar;C:\Users\Foton\.m2\repository\jakarta\persistence\jakarta.persistence-api\3.1.0\jakarta.persistence-api-3.1.0.jar;C:\Users\Foton\.m2\repository\org\hibernate\quarkus-local-cache\0.2.1\quarkus-local-cache-0.2.1.jar;C:\Users\Foton\.m2\repository\io\quarkus\quarkus-caffeine\3.2.12.Final\quarkus-caffeine-3.2.12.Final.jar;C:\Users\Foton\.m2\repository\com\github\ben-manes\caffeine\caffeine\3.1.5\caffeine-3.1.5.jar;C:\Users\Foton\.m2\repository\com\google\errorprone\error_prone_annotations\2.19.1\error_prone_annotations-2.19.1.jar;C:\Users\Foton\.m2\repository\io\quarkus\quarkus-hibernate-orm-panache-common\3.2.12.Final\quarkus-hibernate-orm-panache-common-3.2.12.Final.jar;C:\Users\Foton\.m2\repository\io\quarkus\quarkus-panache-hibernate-common\3.2.12.Final\quarkus-panache-hibernate-common-3.2.12.Final.jar;C:\Users\Foton\.m2\repository\io\quarkus\quarkus-panache-common\3.2.12.Final\quarkus-panache-common-3.2.12.Final.jar;C:\Users\Foton\.m2\repository\io\quarkus\quarkus-jdbc-postgresql\3.2.12.Final\quarkus-jdbc-postgresql-3.2.12.Final.jar;C:\Users\Foton\.m2\repository\org\postgresql\postgresql\42.6.1\postgresql-42.6.1.jar;C:\Users\Foton\.m2\repository\io\quarkus\quarkus-oidc\3.2.12.Final\quarkus-oidc-3.2.12.Final.jar;C:\Users\Foton\.m2\repository\io\quarkus\quarkus-vertx\3.2.12.Final\quarkus-vertx-3.2.12.Final.jar;C:\Users\Foton\.m2\repository\io\quarkus\quarkus-netty\3.2.12.Final\quarkus-netty-3.2.12.Final.jar;C:\Users\Foton\.m2\repository\io\netty\netty-codec\4.1.108.Final\netty-codec-4.1.108.Final.jar;C:\Users\Foton\.m2\repository\io\netty\netty-codec-http\4.1.108.Final\netty-codec-http-4.1.108.Final.jar;C:\Users\Foton\.m2\repository\io\netty\netty-codec-http2\4.1.108.Final\netty-codec-http2-4.1.108.Final.jar;C:\Users\Foton\.m2\repository\io\netty\netty-handler\4.1.108.Final\netty-handler-4.1.108.Final.jar;C:\Users\Foton\.m2\repository\io\netty\netty-transport-native-unix-common\4.1.108.Final\netty-transport-native-unix-common-4.1.108.Final.jar;C:\Users\Foton\.m2\repository\com\aayushatharva\brotli4j\brotli4j\1.12.0\brotli4j-1.12.0.jar;C:\Users\Foton\.m2\repository\com\aayushatharva\brotli4j\service\1.12.0\service-1.12.0.jar;C:\Users\Foton\.m2\repository\com\aayushatharva\brotli4j\native-windows-x86_64\1.12.0\native-windows-x86_64-1.12.0.jar;C:\Users\Foton\.m2\repository\io\netty\netty-codec-haproxy\4.1.108.Final\netty-codec-haproxy-4.1.108.Final.jar;C:\Users\Foton\.m2\repository\io\netty\netty-buffer\4.1.108.Final\netty-buffer-4.1.108.Final.jar;C:\Users\Foton\.m2\repository\io\netty\netty-transport\4.1.108.Final\netty-transport-4.1.108.Final.jar;C:\Users\Foton\.m2\repository\io\smallrye\common\smallrye-common-annotation\2.1.0\smallrye-common-annotation-2.1.0.jar;C:\Users\Foton\.m2\repository\io\quarkus\quarkus-vertx-latebound-mdc-provider\3.2.12.Final\quarkus-vertx-latebound-mdc-provider-3.2.12.Final.jar;C:\Users\Foton\.m2\repository\io\smallrye\reactive\smallrye-mutiny-vertx-core\3.7.2\smallrye-mutiny-vertx-core-3.7.2.jar;C:\Users\Foton\.m2\repository\io\smallrye\reactive\smallrye-mutiny-vertx-runtime\3.7.2\smallrye-mutiny-vertx-runtime-3.7.2.jar;C:\Users\Foton\.m2\repository\io\smallrye\reactive\vertx-mutiny-generator\3.7.2\vertx-mutiny-generator-3.7.2.jar;C:\Users\Foton\.m2\repository\io\vertx\vertx-codegen\4.4.9\vertx-codegen-4.4.9.jar;C:\Users\Foton\.m2\repository\io\smallrye\smallrye-fault-tolerance-vertx\6.2.6\smallrye-fault-tolerance-vertx-6.2.6.jar;C:\Users\Foton\.m2\repository\io\quarkus\quarkus-security\3.2.12.Final\quarkus-security-3.2.12.Final.jar;C:\Users\Foton\.m2\repository\jakarta\interceptor\jakarta.interceptor-api\2.1.0\jakarta.interceptor-api-2.1.0.jar;C:\Users\Foton\.m2\repository\io\quarkus\quarkus-jsonp\3.2.12.Final\quarkus-jsonp-3.2.12.Final.jar;C:\Users\Foton\.m2\repository\org\eclipse\parsson\parsson\1.1.5\parsson-1.1.5.jar;C:\Users\Foton\.m2\repository\jakarta\json\jakarta.json-api\2.1.2\jakarta.json-api-2.1.2.jar;C:\Users\Foton\.m2\repository\io\quarkus\quarkus-oidc-common\3.2.12.Final\quarkus-oidc-common-3.2.12.Final.jar;C:\Users\Foton\.m2\repository\io\smallrye\reactive\smallrye-mutiny-vertx-web-client\3.7.2\smallrye-mutiny-vertx-web-client-3.7.2.jar;C:\Users\Foton\.m2\repository\io\vertx\vertx-web-client\4.4.9\vertx-web-client-4.4.9.jar;C:\Users\Foton\.m2\repository\io\quarkus\quarkus-smallrye-jwt-build\3.2.12.Final\quarkus-smallrye-jwt-build-3.2.12.Final.jar;C:\Users\Foton\.m2\repository\io\smallrye\smallrye-jwt-build\4.4.0\smallrye-jwt-build-4.4.0.jar;C:\Users\Foton\.m2\repository\io\smallrye\smallrye-jwt\4.4.0\smallrye-jwt-4.4.0.jar;C:\Users\Foton\.m2\repository\org\eclipse\microprofile\config\microprofile-config-api\3.0.3\microprofile-config-api-3.0.3.jar;C:\Users\Foton\.m2\repository\org\eclipse\microprofile\jwt\microprofile-jwt-auth-api\2.1\microprofile-jwt-auth-api-2.1.jar;C:\Users\Foton\.m2\repository\org\bitbucket\b_c\jose4j\0.9.6\jose4j-0.9.6.jar;C:\Users\Foton\.m2\repository\io\smallrye\smallrye-jwt-common\4.4.0\smallrye-jwt-common-4.4.0.jar;C:\Users\Foton\.m2\repository\jakarta\annotation\jakarta.annotation-api\2.1.1\jakarta.annotation-api-2.1.1.jar;C:\Users\Foton\.m2\repository\io\quarkus\quarkus-oidc-client\3.2.12.Final\quarkus-oidc-client-3.2.12.Final.jar;C:\Users\Foton\.m2\repository\io\quarkus\quarkus-hibernate-validator\3.2.12.Final\quarkus-hibernate-validator-3.2.12.Final.jar;C:\Users\Foton\.m2\repository\org\hibernate\validator\hibernate-validator\8.0.1.Final\hibernate-validator-8.0.1.Final.jar;C:\Users\Foton\.m2\repository\jakarta\validation\jakarta.validation-api\3.0.2\jakarta.validation-api-3.0.2.jar;C:\Users\Foton\.m2\repository\com\fasterxml\classmate\1.5.1\classmate-1.5.1.jar;C:\Users\Foton\.m2\repository\org\glassfish\expressly\expressly\5.0.0\expressly-5.0.0.jar;C:\Users\Foton\.m2\repository\jakarta\el\jakarta.el-api\5.0.1\jakarta.el-api-5.0.1.jar;C:\Users\Foton\.m2\repository\io\smallrye\config\smallrye-config-validator\3.3.2\smallrye-config-validator-3.3.2.jar;C:\Users\Foton\.m2\repository\jakarta\ws\rs\jakarta.ws.rs-api\3.1.0\jakarta.ws.rs-api-3.1.0.jar;C:\Users\Foton\.m2\repository\io\quarkus\quarkus-smallrye-openapi\3.2.12.Final\quarkus-smallrye-openapi-3.2.12.Final.jar;C:\Users\Foton\.m2\repository\io\smallrye\smallrye-open-api-core\3.4.0\smallrye-open-api-core-3.4.0.jar;C:\Users\Foton\.m2\repository\org\eclipse\microprofile\openapi\microprofile-openapi-api\3.1.1\microprofile-openapi-api-3.1.1.jar;C:\Users\Foton\.m2\repository\com\fasterxml\jackson\core\jackson-core\2.15.2\jackson-core-2.15.2.jar;C:\Users\Foton\.m2\repository\com\fasterxml\jackson\core\jackson-databind\2.15.2\jackson-databind-2.15.2.jar;C:\Users\Foton\.m2\repository\com\fasterxml\jackson\core\jackson-annotations\2.15.2\jackson-annotations-2.15.2.jar;C:\Users\Foton\.m2\repository\com\fasterxml\jackson\dataformat\jackson-dataformat-yaml\2.15.2\jackson-dataformat-yaml-2.15.2.jar;C:\Users\Foton\.m2\repository\org\yaml\snakeyaml\2.0\snakeyaml-2.0.jar;C:\Users\Foton\.m2\repository\io\quarkus\quarkus-swagger-ui\3.2.12.Final\quarkus-swagger-ui-3.2.12.Final.jar;C:\Users\Foton\.m2\repository\io\quarkus\quarkus-resteasy-reactive-jackson\3.2.12.Final\quarkus-resteasy-reactive-jackson-3.2.12.Final.jar;C:\Users\Foton\.m2\repository\io\quarkus\quarkus-resteasy-reactive\3.2.12.Final\quarkus-resteasy-reactive-3.2.12.Final.jar;C:\Users\Foton\.m2\repository\io\quarkus\quarkus-resteasy-reactive-common\3.2.12.Final\quarkus-resteasy-reactive-common-3.2.12.Final.jar;C:\Users\Foton\.m2\repository\io\quarkus\resteasy\reactive\resteasy-reactive-common\3.2.12.Final\resteasy-reactive-common-3.2.12.Final.jar;C:\Users\Foton\.m2\repository\io\quarkus\resteasy\reactive\resteasy-reactive-common-types\3.2.12.Final\resteasy-reactive-common-types-3.2.12.Final.jar;C:\Users\Foton\.m2\repository\io\quarkus\resteasy\reactive\resteasy-reactive-vertx\3.2.12.Final\resteasy-reactive-vertx-3.2.12.Final.jar;C:\Users\Foton\.m2\repository\io\quarkus\resteasy\reactive\resteasy-reactive\3.2.12.Final\resteasy-reactive-3.2.12.Final.jar;C:\Users\Foton\.m2\repository\io\quarkus\quarkus-resteasy-reactive-jackson-common\3.2.12.Final\quarkus-resteasy-reactive-jackson-common-3.2.12.Final.jar;C:\Users\Foton\.m2\repository\io\quarkus\resteasy\reactive\resteasy-reactive-jackson\3.2.12.Final\resteasy-reactive-jackson-3.2.12.Final.jar;C:\Users\Foton\.m2\repository\io\quarkus\quarkus-jackson\3.2.12.Final\quarkus-jackson-3.2.12.Final.jar;C:\Users\Foton\.m2\repository\com\fasterxml\jackson\datatype\jackson-datatype-jsr310\2.15.2\jackson-datatype-jsr310-2.15.2.jar;C:\Users\Foton\.m2\repository\com\fasterxml\jackson\datatype\jackson-datatype-jdk8\2.15.2\jackson-datatype-jdk8-2.15.2.jar;C:\Users\Foton\.m2\repository\com\fasterxml\jackson\module\jackson-module-parameter-names\2.15.2\jackson-module-parameter-names-2.15.2.jar;C:\Users\Foton\.m2\repository\io\quarkus\quarkus-vertx-http\3.2.12.Final\quarkus-vertx-http-3.2.12.Final.jar;C:\Users\Foton\.m2\repository\io\quarkus\quarkus-security-runtime-spi\3.2.12.Final\quarkus-security-runtime-spi-3.2.12.Final.jar;C:\Users\Foton\.m2\repository\io\quarkus\quarkus-credentials\3.2.12.Final\quarkus-credentials-3.2.12.Final.jar;C:\Users\Foton\.m2\repository\io\quarkus\quarkus-mutiny\3.2.12.Final\quarkus-mutiny-3.2.12.Final.jar;C:\Users\Foton\.m2\repository\io\quarkus\quarkus-smallrye-context-propagation\3.2.12.Final\quarkus-smallrye-context-propagation-3.2.12.Final.jar;C:\Users\Foton\.m2\repository\io\smallrye\smallrye-context-propagation\2.1.0\smallrye-context-propagation-2.1.0.jar;C:\Users\Foton\.m2\repository\io\smallrye\smallrye-context-propagation-api\2.1.0\smallrye-context-propagation-api-2.1.0.jar;C:\Users\Foton\.m2\repository\io\smallrye\smallrye-context-propagation-storage\2.1.0\smallrye-context-propagation-storage-2.1.0.jar;C:\Users\Foton\.m2\repository\io\smallrye\reactive\mutiny-smallrye-context-propagation\2.3.1\mutiny-smallrye-context-propagation-2.3.1.jar;C:\Users\Foton\.m2\repository\io\smallrye\common\smallrye-common-vertx-context\2.1.0\smallrye-common-vertx-context-2.1.0.jar;C:\Users\Foton\.m2\repository\io\vertx\vertx-core\4.4.9\vertx-core-4.4.9.jar;C:\Users\Foton\.m2\repository\io\netty\netty-common\4.1.108.Final\netty-common-4.1.108.Final.jar;C:\Users\Foton\.m2\repository\io\netty\netty-handler-proxy\4.1.108.Final\netty-handler-proxy-4.1.108.Final.jar;C:\Users\Foton\.m2\repository\io\netty\netty-codec-socks\4.1.108.Final\netty-codec-socks-4.1.108.Final.jar;C:\Users\Foton\.m2\repository\io\netty\netty-resolver\4.1.108.Final\netty-resolver-4.1.108.Final.jar;C:\Users\Foton\.m2\repository\io\netty\netty-resolver-dns\4.1.108.Final\netty-resolver-dns-4.1.108.Final.jar;C:\Users\Foton\.m2\repository\io\netty\netty-codec-dns\4.1.108.Final\netty-codec-dns-4.1.108.Final.jar;C:\Users\Foton\.m2\repository\io\smallrye\common\smallrye-common-constraint\2.1.0\smallrye-common-constraint-2.1.0.jar;C:\Users\Foton\.m2\repository\io\quarkus\quarkus-vertx-http-dev-console-runtime-spi\3.2.12.Final\quarkus-vertx-http-dev-console-runtime-spi-3.2.12.Final.jar;C:\Users\Foton\.m2\repository\io\quarkus\security\quarkus-security\2.0.2.Final\quarkus-security-2.0.2.Final.jar;C:\Users\Foton\.m2\repository\io\smallrye\reactive\smallrye-mutiny-vertx-web\3.7.2\smallrye-mutiny-vertx-web-3.7.2.jar;C:\Users\Foton\.m2\repository\io\smallrye\reactive\smallrye-mutiny-vertx-web-common\3.7.2\smallrye-mutiny-vertx-web-common-3.7.2.jar;C:\Users\Foton\.m2\repository\io\smallrye\reactive\smallrye-mutiny-vertx-auth-common\3.7.2\smallrye-mutiny-vertx-auth-common-3.7.2.jar;C:\Users\Foton\.m2\repository\io\smallrye\reactive\smallrye-mutiny-vertx-bridge-common\3.7.2\smallrye-mutiny-vertx-bridge-common-3.7.2.jar;C:\Users\Foton\.m2\repository\io\smallrye\reactive\smallrye-mutiny-vertx-uri-template\3.7.2\smallrye-mutiny-vertx-uri-template-3.7.2.jar;C:\Users\Foton\.m2\repository\io\vertx\vertx-uri-template\4.4.9\vertx-uri-template-4.4.9.jar;C:\Users\Foton\.m2\repository\io\vertx\vertx-web\4.4.9\vertx-web-4.4.9.jar;C:\Users\Foton\.m2\repository\io\vertx\vertx-web-common\4.4.9\vertx-web-common-4.4.9.jar;C:\Users\Foton\.m2\repository\io\vertx\vertx-auth-common\4.4.9\vertx-auth-common-4.4.9.jar;C:\Users\Foton\.m2\repository\io\vertx\vertx-bridge-common\4.4.9\vertx-bridge-common-4.4.9.jar;C:\Users\Foton\.m2\repository\io\github\crac\org-crac\0.1.3\org-crac-0.1.3.jar;"/>
    <property name="java.vm.vendor" value="Oracle Corporation"/>
    <property name="sun.arch.data.model" value="64"/>
    <property name="user.variant" value=""/>
    <property name="java.vendor.url" value="https://java.oracle.com/"/>
    <property name="user.timezone" value="America/Sao_Paulo"/>
    <property name="logging.initial-configurator.min-level" value="500"/>
    <property name="os.name" value="Windows 11"/>
    <property name="java.vm.specification.version" value="21"/>
    <property name="sun.java.launcher" value="SUN_STANDARD"/>
    <property name="user.country" value="BR"/>
    <property name="mp.openapi.extensions.smallrye.defaultProduces" value="application/json"/>
    <property name="sun.boot.library.path" value="C:\Program Files\Java\jdk-21\bin"/>
    <property name="sun.java.command" value="C:\Users\Foton\AppData\Local\Temp\surefire2986749450672491315\surefirebooter-20251005150251603_3.jar C:\Users\Foton\AppData\Local\Temp\surefire2986749450672491315 2025-10-05T15-02-51_218-jvmRun1 surefire-20251005150251603_1tmp surefire_0-20251005150251603_2tmp"/>
    <property name="jdk.debug" value="release"/>
    <property name="maven.home" value="C:\apache-maven-3.9.9"/>
    <property name="surefire.test.class.path" value="C:\Users\Foton\Documents\projetos\desafio_dev_senior\target\test-classes;C:\Users\Foton\Documents\projetos\desafio_dev_senior\target\classes;C:\Users\Foton\.m2\repository\io\quarkus\quarkus-arc\3.2.12.Final\quarkus-arc-3.2.12.Final.jar;C:\Users\Foton\.m2\repository\io\quarkus\arc\arc\3.2.12.Final\arc-3.2.12.Final.jar;C:\Users\Foton\.m2\repository\jakarta\enterprise\jakarta.enterprise.cdi-api\4.0.1\jakarta.enterprise.cdi-api-4.0.1.jar;C:\Users\Foton\.m2\repository\jakarta\enterprise\jakarta.enterprise.lang-model\4.0.1\jakarta.enterprise.lang-model-4.0.1.jar;C:\Users\Foton\.m2\repository\jakarta\transaction\jakarta.transaction-api\2.0.1\jakarta.transaction-api-2.0.1.jar;C:\Users\Foton\.m2\repository\io\smallrye\reactive\mutiny\2.3.1\mutiny-2.3.1.jar;C:\Users\Foton\.m2\repository\org\jboss\logging\jboss-logging\3.5.1.Final\jboss-logging-3.5.1.Final.jar;C:\Users\Foton\.m2\repository\io\quarkus\quarkus-core\3.2.12.Final\quarkus-core-3.2.12.Final.jar;C:\Users\Foton\.m2\repository\jakarta\inject\jakarta.inject-api\2.0.1\jakarta.inject-api-2.0.1.jar;C:\Users\Foton\.m2\repository\io\smallrye\common\smallrye-common-os\2.1.0\smallrye-common-os-2.1.0.jar;C:\Users\Foton\.m2\repository\io\quarkus\quarkus-ide-launcher\3.2.12.Final\quarkus-ide-launcher-3.2.12.Final.jar;C:\Users\Foton\.m2\repository\io\quarkus\quarkus-development-mode-spi\3.2.12.Final\quarkus-development-mode-spi-3.2.12.Final.jar;C:\Users\Foton\.m2\repository\io\smallrye\config\smallrye-config\3.3.2\smallrye-config-3.3.2.jar;C:\Users\Foton\.m2\repository\io\smallrye\config\smallrye-config-core\3.3.2\smallrye-config-core-3.3.2.jar;C:\Users\Foton\.m2\repository\io\smallrye\common\smallrye-common-expression\2.1.0\smallrye-common-expression-2.1.0.jar;C:\Users\Foton\.m2\repository\io\smallrye\common\smallrye-common-function\2.1.0\smallrye-common-function-2.1.0.jar;C:\Users\Foton\.m2\repository\io\smallrye\common\smallrye-common-classloader\2.1.0\smallrye-common-classloader-2.1.0.jar;C:\Users\Foton\.m2\repository\io\smallrye\config\smallrye-config-common\3.3.2\smallrye-config-common-3.3.2.jar;C:\Users\Foton\.m2\repository\org\jboss\logmanager\jboss-logmanager-embedded\1.1.1\jboss-logmanager-embedded-1.1.1.jar;C:\Users\Foton\.m2\repository\org\jboss\logging\jboss-logging-annotations\2.2.1.Final\jboss-logging-annotations-2.2.1.Final.jar;C:\Users\Foton\.m2\repository\org\jboss\threads\jboss-threads\3.5.0.Final\jboss-threads-3.5.0.Final.jar;C:\Users\Foton\.m2\repository\org\slf4j\slf4j-api\2.0.6\slf4j-api-2.0.6.jar;C:\Users\Foton\.m2\repository\org\jboss\slf4j\slf4j-jboss-logmanager\2.0.0.Final\slf4j-jboss-logmanager-2.0.0.Final.jar;C:\Users\Foton\.m2\repository\org\graalvm\sdk\graal-sdk\23.0.1\graal-sdk-23.0.1.jar;C:\Users\Foton\.m2\repository\org\wildfly\common\wildfly-common\1.5.4.Final-format-001\wildfly-common-1.5.4.Final-format-001.jar;C:\Users\Foton\.m2\repository\io\quarkus\quarkus-bootstrap-runner\3.2.12.Final\quarkus-bootstrap-runner-3.2.12.Final.jar;C:\Users\Foton\.m2\repository\io\quarkus\quarkus-fs-util\0.0.9\quarkus-fs-util-0.0.9.jar;C:\Users\Foton\.m2\repository\org\eclipse\microprofile\context-propagation\microprofile-context-propagation-api\1.3\microprofile-context-propagation-api-1.3.jar;C:\Users\Foton\.m2\repository\io\quarkus\quarkus-junit5\3.2.12.Final\quarkus-junit5-3.2.12.Final.jar;C:\Users\Foton\.m2\repository\io\quarkus\quarkus-bootstrap-core\3.2.12.Final\quarkus-bootstrap-core-3.2.12.Final.jar;C:\Users\Foton\.m2\repository\io\quarkus\quarkus-bootstrap-app-model\3.2.12.Final\quarkus-bootstrap-app-model-3.2.12.Final.jar;C:\Users\Foton\.m2\repository\io\smallrye\common\smallrye-common-io\2.1.0\smallrye-common-io-2.1.0.jar;C:\Users\Foton\.m2\repository\org\eclipse\sisu\org.eclipse.sisu.inject\0.3.5\org.eclipse.sisu.inject-0.3.5.jar;C:\Users\Foton\.m2\repository\io\quarkus\quarkus-test-common\3.2.12.Final\quarkus-test-common-3.2.12.Final.jar;C:\Users\Foton\.m2\repository\io\quarkus\quarkus-core-deployment\3.2.12.Final\quarkus-core-deployment-3.2.12.Final.jar;C:\Users\Foton\.m2\repository\org\aesh\readline\2.4\readline-2.4.jar;C:\Users\Foton\.m2\repository\org\fusesource\jansi\jansi\2.4.0\jansi-2.4.0.jar;C:\Users\Foton\.m2\repository\org\aesh\aesh\2.7\aesh-2.7.jar;C:\Users\Foton\.m2\repository\io\quarkus\gizmo\gizmo\1.6.1.Final\gizmo-1.6.1.Final.jar;C:\Users\Foton\.m2\repository\org\ow2\asm\asm-util\9.5\asm-util-9.5.jar;C:\Users\Foton\.m2\repository\org\ow2\asm\asm-analysis\9.5\asm-analysis-9.5.jar;C:\Users\Foton\.m2\repository\org\ow2\asm\asm\9.5\asm-9.5.jar;C:\Users\Foton\.m2\repository\org\ow2\asm\asm-commons\9.5\asm-commons-9.5.jar;C:\Users\Foton\.m2\repository\org\ow2\asm\asm-tree\9.5\asm-tree-9.5.jar;C:\Users\Foton\.m2\repository\io\quarkus\quarkus-class-change-agent\3.2.12.Final\quarkus-class-change-agent-3.2.12.Final.jar;C:\Users\Foton\.m2\repository\io\quarkus\quarkus-devtools-utilities\3.2.12.Final\quarkus-devtools-utilities-3.2.12.Final.jar;C:\Users\Foton\.m2\repository\io\quarkus\quarkus-builder\3.2.12.Final\quarkus-builder-3.2.12.Final.jar;C:\Users\Foton\.m2\repository\org\junit\platform\junit-platform-launcher\1.9.3\junit-platform-launcher-1.9.3.jar;C:\Users\Foton\.m2\repository\io\quarkus\quarkus-bootstrap-maven-resolver\3.2.12.Final\quarkus-bootstrap-maven-resolver-3.2.12.Final.jar;C:\Users\Foton\.m2\repository\io\smallrye\beanbag\smallrye-beanbag-maven\1.3.2\smallrye-beanbag-maven-1.3.2.jar;C:\Users\Foton\.m2\repository\io\smallrye\beanbag\smallrye-beanbag-sisu\1.3.2\smallrye-beanbag-sisu-1.3.2.jar;C:\Users\Foton\.m2\repository\io\smallrye\beanbag\smallrye-beanbag\1.3.2\smallrye-beanbag-1.3.2.jar;C:\Users\Foton\.m2\repository\javax\inject\javax.inject\1\javax.inject-1.jar;C:\Users\Foton\.m2\repository\org\apache\maven\maven-artifact\3.9.3\maven-artifact-3.9.3.jar;C:\Users\Foton\.m2\repository\org\apache\maven\maven-builder-support\3.9.3\maven-builder-support-3.9.3.jar;C:\Users\Foton\.m2\repository\org\apache\maven\maven-model\3.9.3\maven-model-3.9.3.jar;C:\Users\Foton\.m2\repository\org\apache\maven\maven-model-builder\3.9.3\maven-model-builder-3.9.3.jar;C:\Users\Foton\.m2\repository\org\apache\maven\maven-repository-metadata\3.9.3\maven-repository-metadata-3.9.3.jar;C:\Users\Foton\.m2\repository\org\apache\maven\maven-settings\3.9.3\maven-settings-3.9.3.jar;C:\Users\Foton\.m2\repository\org\apache\maven\resolver\maven-resolver-api\1.9.13\maven-resolver-api-1.9.13.jar;C:\Users\Foton\.m2\repository\org\apache\maven\resolver\maven-resolver-impl\1.9.13\maven-resolver-impl-1.9.13.jar;C:\Users\Foton\.m2\repository\org\apache\maven\resolver\maven-resolver-named-locks\1.9.13\maven-resolver-named-locks-1.9.13.jar;C:\Users\Foton\.m2\repository\org\apache\maven\resolver\maven-resolver-spi\1.9.13\maven-resolver-spi-1.9.13.jar;C:\Users\Foton\.m2\repository\org\apache\maven\resolver\maven-resolver-util\1.9.13\maven-resolver-util-1.9.13.jar;C:\Users\Foton\.m2\repository\org\apache\maven\resolver\maven-resolver-transport-http\1.9.10\maven-resolver-transport-http-1.9.10.jar;C:\Users\Foton\.m2\repository\org\apache\maven\wagon\wagon-provider-api\3.5.3\wagon-provider-api-3.5.3.jar;C:\Users\Foton\.m2\repository\org\apache\maven\wagon\wagon-http-shared\3.5.3\wagon-http-shared-3.5.3.jar;C:\Users\Foton\.m2\repository\org\codehaus\plexus\plexus-interpolation\1.26\plexus-interpolation-1.26.jar;C:\Users\Foton\.m2\repository\org\codehaus\plexus\plexus-utils\3.5.1\plexus-utils-3.5.1.jar;C:\Users\Foton\.m2\repository\org\codehaus\plexus\plexus-xml\4.0.0\plexus-xml-4.0.0.jar;C:\Users\Foton\.m2\repository\org\apache\maven\maven-xml-impl\4.0.0-alpha-5\maven-xml-impl-4.0.0-alpha-5.jar;C:\Users\Foton\.m2\repository\org\apache\maven\maven-api-xml\4.0.0-alpha-5\maven-api-xml-4.0.0-alpha-5.jar;C:\Users\Foton\.m2\repository\org\apache\maven\maven-api-meta\4.0.0-alpha-5\maven-api-meta-4.0.0-alpha-5.jar;C:\Users\Foton\.m2\repository\org\codehaus\plexus\plexus-cipher\2.0\plexus-cipher-2.0.jar;C:\Users\Foton\.m2\repository\org\codehaus\plexus\plexus-sec-dispatcher\2.0\plexus-sec-dispatcher-2.0.jar;C:\Users\Foton\.m2\repository\org\apache\maven\maven-embedder\3.9.3\maven-embedder-3.9.3.jar;C:\Users\Foton\.m2\repository\org\apache\maven\maven-core\3.9.3\maven-core-3.9.3.jar;C:\Users\Foton\.m2\repository\org\codehaus\plexus\plexus-component-annotations\2.1.0\plexus-component-annotations-2.1.0.jar;C:\Users\Foton\.m2\repository\org\apache\maven\maven-plugin-api\3.9.3\maven-plugin-api-3.9.3.jar;C:\Users\Foton\.m2\repository\org\apache\maven\shared\maven-shared-utils\3.3.4\maven-shared-utils-3.3.4.jar;C:\Users\Foton\.m2\repository\com\google\inject\guice\5.1.0\guice-5.1.0.jar;C:\Users\Foton\.m2\repository\aopalliance\aopalliance\1.0\aopalliance-1.0.jar;C:\Users\Foton\.m2\repository\com\google\guava\guava\32.0.0-jre\guava-32.0.0-jre.jar;C:\Users\Foton\.m2\repository\com\google\guava\failureaccess\1.0.1\failureaccess-1.0.1.jar;C:\Users\Foton\.m2\repository\javax\annotation\javax.annotation-api\1.3.2\javax.annotation-api-1.3.2.jar;C:\Users\Foton\.m2\repository\org\codehaus\plexus\plexus-classworlds\2.6.0\plexus-classworlds-2.6.0.jar;C:\Users\Foton\.m2\repository\commons-cli\commons-cli\1.5.0\commons-cli-1.5.0.jar;C:\Users\Foton\.m2\repository\org\eclipse\sisu\org.eclipse.sisu.plexus\0.3.5\org.eclipse.sisu.plexus-0.3.5.jar;C:\Users\Foton\.m2\repository\org\apache\maven\maven-settings-builder\3.9.3\maven-settings-builder-3.9.3.jar;C:\Users\Foton\.m2\repository\org\apache\maven\maven-resolver-provider\3.9.3\maven-resolver-provider-3.9.3.jar;C:\Users\Foton\.m2\repository\org\apache\maven\resolver\maven-resolver-connector-basic\1.9.13\maven-resolver-connector-basic-1.9.13.jar;C:\Users\Foton\.m2\repository\org\apache\maven\resolver\maven-resolver-transport-wagon\1.9.13\maven-resolver-transport-wagon-1.9.13.jar;C:\Users\Foton\.m2\repository\org\apache\maven\wagon\wagon-http\3.5.3\wagon-http-3.5.3.jar;C:\Users\Foton\.m2\repository\org\apache\maven\wagon\wagon-file\3.5.3\wagon-file-3.5.3.jar;C:\Users\Foton\.m2\repository\io\quarkus\quarkus-bootstrap-gradle-resolver\3.2.12.Final\quarkus-bootstrap-gradle-resolver-3.2.12.Final.jar;C:\Users\Foton\.m2\repository\io\smallrye\jandex\3.1.6\jandex-3.1.6.jar;C:\Users\Foton\.m2\repository\commons-io\commons-io\2.13.0\commons-io-2.13.0.jar;C:\Users\Foton\.m2\repository\org\jboss\logging\commons-logging-jboss-logging\1.0.0.Final\commons-logging-jboss-logging-1.0.0.Final.jar;C:\Users\Foton\.m2\repository\io\quarkus\quarkus-junit5-properties\3.2.12.Final\quarkus-junit5-properties-3.2.12.Final.jar;C:\Users\Foton\.m2\repository\org\junit\jupiter\junit-jupiter\5.9.3\junit-jupiter-5.9.3.jar;C:\Users\Foton\.m2\repository\org\junit\jupiter\junit-jupiter-api\5.9.3\junit-jupiter-api-5.9.3.jar;C:\Users\Foton\.m2\repository\org\opentest4j\opentest4j\1.2.0\opentest4j-1.2.0.jar;C:\Users\Foton\.m2\repository\org\junit\platform\junit-platform-commons\1.9.3\junit-platform-commons-1.9.3.jar;C:\Users\Foton\.m2\repository\org\apiguardian\apiguardian-api\1.1.2\apiguardian-api-1.1.2.jar;C:\Users\Foton\.m2\repository\org\junit\jupiter\junit-jupiter-params\5.9.3\junit-jupiter-params-5.9.3.jar;C:\Users\Foton\.m2\repository\org\junit\jupiter\junit-jupiter-engine\5.9.3\junit-jupiter-engine-5.9.3.jar;C:\Users\Foton\.m2\repository\org\junit\platform\junit-platform-engine\1.9.3\junit-platform-engine-1.9.3.jar;C:\Users\Foton\.m2\repository\com\thoughtworks\xstream\xstream\1.4.20\xstream-1.4.20.jar;C:\Users\Foton\.m2\repository\io\github\x-stream\mxparser\1.2.2\mxparser-1.2.2.jar;C:\Users\Foton\.m2\repository\xmlpull\xmlpull\1.1.3.1\xmlpull-1.1.3.1.jar;C:\Users\Foton\.m2\repository\io\rest-assured\rest-assured\5.3.0\rest-assured-5.3.0.jar;C:\Users\Foton\.m2\repository\org\apache\groovy\groovy\4.0.6\groovy-4.0.6.jar;C:\Users\Foton\.m2\repository\org\apache\groovy\groovy-xml\4.0.6\groovy-xml-4.0.6.jar;C:\Users\Foton\.m2\repository\org\apache\httpcomponents\httpclient\4.5.14\httpclient-4.5.14.jar;C:\Users\Foton\.m2\repository\org\apache\httpcomponents\httpcore\4.4.16\httpcore-4.4.16.jar;C:\Users\Foton\.m2\repository\commons-codec\commons-codec\1.16.0\commons-codec-1.16.0.jar;C:\Users\Foton\.m2\repository\org\apache\httpcomponents\httpmime\4.5.14\httpmime-4.5.14.jar;C:\Users\Foton\.m2\repository\org\hamcrest\hamcrest\2.1\hamcrest-2.1.jar;C:\Users\Foton\.m2\repository\org\ccil\cowan\tagsoup\tagsoup\1.2.1\tagsoup-1.2.1.jar;C:\Users\Foton\.m2\repository\io\rest-assured\json-path\5.3.0\json-path-5.3.0.jar;C:\Users\Foton\.m2\repository\org\apache\groovy\groovy-json\4.0.6\groovy-json-4.0.6.jar;C:\Users\Foton\.m2\repository\io\rest-assured\rest-assured-common\5.3.0\rest-assured-common-5.3.0.jar;C:\Users\Foton\.m2\repository\io\rest-assured\xml-path\5.3.0\xml-path-5.3.0.jar;C:\Users\Foton\.m2\repository\org\apache\commons\commons-lang3\3.12.0\commons-lang3-3.12.0.jar;C:\Users\Foton\.m2\repository\org\testcontainers\postgresql\1.18.3\postgresql-1.18.3.jar;C:\Users\Foton\.m2\repository\org\testcontainers\jdbc\1.18.3\jdbc-1.18.3.jar;C:\Users\Foton\.m2\repository\org\testcontainers\database-commons\1.18.3\database-commons-1.18.3.jar;C:\Users\Foton\.m2\repository\org\testcontainers\testcontainers\1.18.3\testcontainers-1.18.3.jar;C:\Users\Foton\.m2\repository\junit\junit\4.13.2\junit-4.13.2.jar;C:\Users\Foton\.m2\repository\org\apache\commons\commons-compress\1.26.0\commons-compress-1.26.0.jar;C:\Users\Foton\.m2\repository\org\rnorth\duct-tape\duct-tape\1.0.8\duct-tape-1.0.8.jar;C:\Users\Foton\.m2\repository\org\jetbrains\annotations\24.0.1\annotations-24.0.1.jar;C:\Users\Foton\.m2\repository\com\github\docker-java\docker-java-api\3.3.0\docker-java-api-3.3.0.jar;C:\Users\Foton\.m2\repository\com\github\docker-java\docker-java-transport-zerodep\3.3.0\docker-java-transport-zerodep-3.3.0.jar;C:\Users\Foton\.m2\repository\com\github\docker-java\docker-java-transport\3.3.0\docker-java-transport-3.3.0.jar;C:\Users\Foton\.m2\repository\net\java\dev\jna\jna\5.8.0\jna-5.8.0.jar;C:\Users\Foton\.m2\repository\io\quarkus\quarkus-hibernate-orm-panache\3.2.12.Final\quarkus-hibernate-orm-panache-3.2.12.Final.jar;C:\Users\Foton\.m2\repository\io\quarkus\quarkus-hibernate-orm\3.2.12.Final\quarkus-hibernate-orm-3.2.12.Final.jar;C:\Users\Foton\.m2\repository\io\quarkus\quarkus-agroal\3.2.12.Final\quarkus-agroal-3.2.12.Final.jar;C:\Users\Foton\.m2\repository\io\quarkus\quarkus-datasource\3.2.12.Final\quarkus-datasource-3.2.12.Final.jar;C:\Users\Foton\.m2\repository\io\agroal\agroal-api\2.1\agroal-api-2.1.jar;C:\Users\Foton\.m2\repository\io\agroal\agroal-narayana\2.1\agroal-narayana-2.1.jar;C:\Users\Foton\.m2\repository\org\jboss\jboss-transaction-spi\8.0.0.Final\jboss-transaction-spi-8.0.0.Final.jar;C:\Users\Foton\.m2\repository\io\agroal\agroal-pool\2.1\agroal-pool-2.1.jar;C:\Users\Foton\.m2\repository\io\quarkus\quarkus-narayana-jta\3.2.12.Final\quarkus-narayana-jta-3.2.12.Final.jar;C:\Users\Foton\.m2\repository\io\quarkus\quarkus-transaction-annotations\3.2.12.Final\quarkus-transaction-annotations-3.2.12.Final.jar;C:\Users\Foton\.m2\repository\io\quarkus\quarkus-datasource-common\3.2.12.Final\quarkus-datasource-common-3.2.12.Final.jar;C:\Users\Foton\.m2\repository\io\smallrye\smallrye-context-propagation-jta\2.1.0\smallrye-context-propagation-jta-2.1.0.jar;C:\Users\Foton\.m2\repository\io\smallrye\reactive\smallrye-reactive-converter-api\3.0.1\smallrye-reactive-converter-api-3.0.1.jar;C:\Users\Foton\.m2\repository\org\reactivestreams\reactive-streams\1.0.4\reactive-streams-1.0.4.jar;C:\Users\Foton\.m2\repository\io\smallrye\reactive\smallrye-reactive-converter-mutiny\3.0.1\smallrye-reactive-converter-mutiny-3.0.1.jar;C:\Users\Foton\.m2\repository\io\smallrye\reactive\mutiny-zero-flow-adapters\1.0.0\mutiny-zero-flow-adapters-1.0.0.jar;C:\Users\Foton\.m2\repository\org\jboss\narayana\jta\narayana-jta\6.0.1.Final\narayana-jta-6.0.1.Final.jar;C:\Users\Foton\.m2\repository\jakarta\resource\jakarta.resource-api\2.1.0\jakarta.resource-api-2.1.0.jar;C:\Users\Foton\.m2\repository\org\jboss\invocation\jboss-invocation\2.0.0.Final\jboss-invocation-2.0.0.Final.jar;C:\Users\Foton\.m2\repository\jakarta\ejb\jakarta.ejb-api\4.0.1\jakarta.ejb-api-4.0.1.jar;C:\Users\Foton\.m2\repository\org\eclipse\microprofile\reactive-streams-operators\microprofile-reactive-streams-operators-api\3.0\microprofile-reactive-streams-operators-api-3.0.jar;C:\Users\Foton\.m2\repository\org\jboss\narayana\jts\narayana-jts-integration\6.0.1.Final\narayana-jts-integration-6.0.1.Final.jar;C:\Users\Foton\.m2\repository\org\hibernate\orm\hibernate-core\6.2.18.Final\hibernate-core-6.2.18.Final.jar;C:\Users\Foton\.m2\repository\org\antlr\antlr4-runtime\4.10.1\antlr4-runtime-4.10.1.jar;C:\Users\Foton\.m2\repository\net\bytebuddy\byte-buddy\1.14.7\byte-buddy-1.14.7.jar;C:\Users\Foton\.m2\repository\org\hibernate\common\hibernate-commons-annotations\6.0.6.Final\hibernate-commons-annotations-6.0.6.Final.jar;C:\Users\Foton\.m2\repository\org\hibernate\orm\hibernate-graalvm\6.2.18.Final\hibernate-graalvm-6.2.18.Final.jar;C:\Users\Foton\.m2\repository\org\glassfish\jaxb\jaxb-runtime\4.0.3\jaxb-runtime-4.0.3.jar;C:\Users\Foton\.m2\repository\org\glassfish\jaxb\jaxb-core\4.0.3\jaxb-core-4.0.3.jar;C:\Users\Foton\.m2\repository\org\eclipse\angus\angus-activation\2.0.1\angus-activation-2.0.1.jar;C:\Users\Foton\.m2\repository\org\glassfish\jaxb\txw2\4.0.3\txw2-4.0.3.jar;C:\Users\Foton\.m2\repository\com\sun\istack\istack-commons-runtime\4.1.2\istack-commons-runtime-4.1.2.jar;C:\Users\Foton\.m2\repository\jakarta\xml\bind\jakarta.xml.bind-api\4.0.0\jakarta.xml.bind-api-4.0.0.jar;C:\Users\Foton\.m2\repository\jakarta\activation\jakarta.activation-api\2.1.2\jakarta.activation-api-2.1.2.jar;C:\Users\Foton\.m2\repository\jakarta\persistence\jakarta.persistence-api\3.1.0\jakarta.persistence-api-3.1.0.jar;C:\Users\Foton\.m2\repository\org\hibernate\quarkus-local-cache\0.2.1\quarkus-local-cache-0.2.1.jar;C:\Users\Foton\.m2\repository\io\quarkus\quarkus-caffeine\3.2.12.Final\quarkus-caffeine-3.2.12.Final.jar;C:\Users\Foton\.m2\repository\com\github\ben-manes\caffeine\caffeine\3.1.5\caffeine-3.1.5.jar;C:\Users\Foton\.m2\repository\com\google\errorprone\error_prone_annotations\2.19.1\error_prone_annotations-2.19.1.jar;C:\Users\Foton\.m2\repository\io\quarkus\quarkus-hibernate-orm-panache-common\3.2.12.Final\quarkus-hibernate-orm-panache-common-3.2.12.Final.jar;C:\Users\Foton\.m2\repository\io\quarkus\quarkus-panache-hibernate-common\3.2.12.Final\quarkus-panache-hibernate-common-3.2.12.Final.jar;C:\Users\Foton\.m2\repository\io\quarkus\quarkus-panache-common\3.2.12.Final\quarkus-panache-common-3.2.12.Final.jar;C:\Users\Foton\.m2\repository\io\quarkus\quarkus-jdbc-postgresql\3.2.12.Final\quarkus-jdbc-postgresql-3.2.12.Final.jar;C:\Users\Foton\.m2\repository\org\postgresql\postgresql\42.6.1\postgresql-42.6.1.jar;C:\Users\Foton\.m2\repository\io\quarkus\quarkus-oidc\3.2.12.Final\quarkus-oidc-3.2.12.Final.jar;C:\Users\Foton\.m2\repository\io\quarkus\quarkus-vertx\3.2.12.Final\quarkus-vertx-3.2.12.Final.jar;C:\Users\Foton\.m2\repository\io\quarkus\quarkus-netty\3.2.12.Final\quarkus-netty-3.2.12.Final.jar;C:\Users\Foton\.m2\repository\io\netty\netty-codec\4.1.108.Final\netty-codec-4.1.108.Final.jar;C:\Users\Foton\.m2\repository\io\netty\netty-codec-http\4.1.108.Final\netty-codec-http-4.1.108.Final.jar;C:\Users\Foton\.m2\repository\io\netty\netty-codec-http2\4.1.108.Final\netty-codec-http2-4.1.108.Final.jar;C:\Users\Foton\.m2\repository\io\netty\netty-handler\4.1.108.Final\netty-handler-4.1.108.Final.jar;C:\Users\Foton\.m2\repository\io\netty\netty-transport-native-unix-common\4.1.108.Final\netty-transport-native-unix-common-4.1.108.Final.jar;C:\Users\Foton\.m2\repository\com\aayushatharva\brotli4j\brotli4j\1.12.0\brotli4j-1.12.0.jar;C:\Users\Foton\.m2\repository\com\aayushatharva\brotli4j\service\1.12.0\service-1.12.0.jar;C:\Users\Foton\.m2\repository\com\aayushatharva\brotli4j\native-windows-x86_64\1.12.0\native-windows-x86_64-1.12.0.jar;C:\Users\Foton\.m2\repository\io\netty\netty-codec-haproxy\4.1.108.Final\netty-codec-haproxy-4.1.108.Final.jar;C:\Users\Foton\.m2\repository\io\netty\netty-buffer\4.1.108.Final\netty-buffer-4.1.108.Final.jar;C:\Users\Foton\.m2\repository\io\netty\netty-transport\4.1.108.Final\netty-transport-4.1.108.Final.jar;C:\Users\Foton\.m2\repository\io\smallrye\common\smallrye-common-annotation\2.1.0\smallrye-common-annotation-2.1.0.jar;C:\Users\Foton\.m2\repository\io\quarkus\quarkus-vertx-latebound-mdc-provider\3.2.12.Final\quarkus-vertx-latebound-mdc-provider-3.2.12.Final.jar;C:\Users\Foton\.m2\repository\io\smallrye\reactive\smallrye-mutiny-vertx-core\3.7.2\smallrye-mutiny-vertx-core-3.7.2.jar;C:\Users\Foton\.m2\repository\io\smallrye\reactive\smallrye-mutiny-vertx-runtime\3.7.2\smallrye-mutiny-vertx-runtime-3.7.2.jar;C:\Users\Foton\.m2\repository\io\smallrye\reactive\vertx-mutiny-generator\3.7.2\vertx-mutiny-generator-3.7.2.jar;C:\Users\Foton\.m2\repository\io\vertx\vertx-codegen\4.4.9\vertx-codegen-4.4.9.jar;C:\Users\Foton\.m2\repository\io\smallrye\smallrye-fault-tolerance-vertx\6.2.6\smallrye-fault-tolerance-vertx-6.2.6.jar;C:\Users\Foton\.m2\repository\io\quarkus\quarkus-security\3.2.12.Final\quarkus-security-3.2.12.Final.jar;C:\Users\Foton\.m2\repository\jakarta\interceptor\jakarta.interceptor-api\2.1.0\jakarta.interceptor-api-2.1.0.jar;C:\Users\Foton\.m2\repository\io\quarkus\quarkus-jsonp\3.2.12.Final\quarkus-jsonp-3.2.12.Final.jar;C:\Users\Foton\.m2\repository\org\eclipse\parsson\parsson\1.1.5\parsson-1.1.5.jar;C:\Users\Foton\.m2\repository\jakarta\json\jakarta.json-api\2.1.2\jakarta.json-api-2.1.2.jar;C:\Users\Foton\.m2\repository\io\quarkus\quarkus-oidc-common\3.2.12.Final\quarkus-oidc-common-3.2.12.Final.jar;C:\Users\Foton\.m2\repository\io\smallrye\reactive\smallrye-mutiny-vertx-web-client\3.7.2\smallrye-mutiny-vertx-web-client-3.7.2.jar;C:\Users\Foton\.m2\repository\io\vertx\vertx-web-client\4.4.9\vertx-web-client-4.4.9.jar;C:\Users\Foton\.m2\repository\io\quarkus\quarkus-smallrye-jwt-build\3.2.12.Final\quarkus-smallrye-jwt-build-3.2.12.Final.jar;C:\Users\Foton\.m2\repository\io\smallrye\smallrye-jwt-build\4.4.0\smallrye-jwt-build-4.4.0.jar;C:\Users\Foton\.m2\repository\io\smallrye\smallrye-jwt\4.4.0\smallrye-jwt-4.4.0.jar;C:\Users\Foton\.m2\repository\org\eclipse\microprofile\config\microprofile-config-api\3.0.3\microprofile-config-api-3.0.3.jar;C:\Users\Foton\.m2\repository\org\eclipse\microprofile\jwt\microprofile-jwt-auth-api\2.1\microprofile-jwt-auth-api-2.1.jar;C:\Users\Foton\.m2\repository\org\bitbucket\b_c\jose4j\0.9.6\jose4j-0.9.6.jar;C:\Users\Foton\.m2\repository\io\smallrye\smallrye-jwt-common\4.4.0\smallrye-jwt-common-4.4.0.jar;C:\Users\Foton\.m2\repository\jakarta\annotation\jakarta.annotation-api\2.1.1\jakarta.annotation-api-2.1.1.jar;C:\Users\Foton\.m2\repository\io\quarkus\quarkus-oidc-client\3.2.12.Final\quarkus-oidc-client-3.2.12.Final.jar;C:\Users\Foton\.m2\repository\io\quarkus\quarkus-hibernate-validator\3.2.12.Final\quarkus-hibernate-validator-3.2.12.Final.jar;C:\Users\Foton\.m2\repository\org\hibernate\validator\hibernate-validator\8.0.1.Final\hibernate-validator-8.0.1.Final.jar;C:\Users\Foton\.m2\repository\jakarta\validation\jakarta.validation-api\3.0.2\jakarta.validation-api-3.0.2.jar;C:\Users\Foton\.m2\repository\com\fasterxml\classmate\1.5.1\classmate-1.5.1.jar;C:\Users\Foton\.m2\repository\org\glassfish\expressly\expressly\5.0.0\expressly-5.0.0.jar;C:\Users\Foton\.m2\repository\jakarta\el\jakarta.el-api\5.0.1\jakarta.el-api-5.0.1.jar;C:\Users\Foton\.m2\repository\io\smallrye\config\smallrye-config-validator\3.3.2\smallrye-config-validator-3.3.2.jar;C:\Users\Foton\.m2\repository\jakarta\ws\rs\jakarta.ws.rs-api\3.1.0\jakarta.ws.rs-api-3.1.0.jar;C:\Users\Foton\.m2\repository\io\quarkus\quarkus-smallrye-openapi\3.2.12.Final\quarkus-smallrye-openapi-3.2.12.Final.jar;C:\Users\Foton\.m2\repository\io\smallrye\smallrye-open-api-core\3.4.0\smallrye-open-api-core-3.4.0.jar;C:\Users\Foton\.m2\repository\org\eclipse\microprofile\openapi\microprofile-openapi-api\3.1.1\microprofile-openapi-api-3.1.1.jar;C:\Users\Foton\.m2\repository\com\fasterxml\jackson\core\jackson-core\2.15.2\jackson-core-2.15.2.jar;C:\Users\Foton\.m2\repository\com\fasterxml\jackson\core\jackson-databind\2.15.2\jackson-databind-2.15.2.jar;C:\Users\Foton\.m2\repository\com\fasterxml\jackson\core\jackson-annotations\2.15.2\jackson-annotations-2.15.2.jar;C:\Users\Foton\.m2\repository\com\fasterxml\jackson\dataformat\jackson-dataformat-yaml\2.15.2\jackson-dataformat-yaml-2.15.2.jar;C:\Users\Foton\.m2\repository\org\yaml\snakeyaml\2.0\snakeyaml-2.0.jar;C:\Users\Foton\.m2\repository\io\quarkus\quarkus-swagger-ui\3.2.12.Final\quarkus-swagger-ui-3.2.12.Final.jar;C:\Users\Foton\.m2\repository\io\quarkus\quarkus-resteasy-reactive-jackson\3.2.12.Final\quarkus-resteasy-reactive-jackson-3.2.12.Final.jar;C:\Users\Foton\.m2\repository\io\quarkus\quarkus-resteasy-reactive\3.2.12.Final\quarkus-resteasy-reactive-3.2.12.Final.jar;C:\Users\Foton\.m2\repository\io\quarkus\quarkus-resteasy-reactive-common\3.2.12.Final\quarkus-resteasy-reactive-common-3.2.12.Final.jar;C:\Users\Foton\.m2\repository\io\quarkus\resteasy\reactive\resteasy-reactive-common\3.2.12.Final\resteasy-reactive-common-3.2.12.Final.jar;C:\Users\Foton\.m2\repository\io\quarkus\resteasy\reactive\resteasy-reactive-common-types\3.2.12.Final\resteasy-reactive-common-types-3.2.12.Final.jar;C:\Users\Foton\.m2\repository\io\quarkus\resteasy\reactive\resteasy-reactive-vertx\3.2.12.Final\resteasy-reactive-vertx-3.2.12.Final.jar;C:\Users\Foton\.m2\repository\io\quarkus\resteasy\reactive\resteasy-reactive\3.2.12.Final\resteasy-reactive-3.2.12.Final.jar;C:\Users\Foton\.m2\repository\io\quarkus\quarkus-resteasy-reactive-jackson-common\3.2.12.Final\quarkus-resteasy-reactive-jackson-common-3.2.12.Final.jar;C:\Users\Foton\.m2\repository\io\quarkus\resteasy\reactive\resteasy-reactive-jackson\3.2.12.Final\resteasy-reactive-jackson-3.2.12.Final.jar;C:\Users\Foton\.m2\repository\io\quarkus\quarkus-jackson\3.2.12.Final\quarkus-jackson-3.2.12.Final.jar;C:\Users\Foton\.m2\repository\com\fasterxml\jackson\datatype\jackson-datatype-jsr310\2.15.2\jackson-datatype-jsr310-2.15.2.jar;C:\Users\Foton\.m2\repository\com\fasterxml\jackson\datatype\jackson-datatype-jdk8\2.15.2\jackson-datatype-jdk8-2.15.2.jar;C:\Users\Foton\.m2\repository\com\fasterxml\jackson\module\jackson-module-parameter-names\2.15.2\jackson-module-parameter-names-2.15.2.jar;C:\Users\Foton\.m2\repository\io\quarkus\quarkus-vertx-http\3.2.12.Final\quarkus-vertx-http-3.2.12.Final.jar;C:\Users\Foton\.m2\repository\io\quarkus\quarkus-security-runtime-spi\3.2.12.Final\quarkus-security-runtime-spi-3.2.12.Final.jar;C:\Users\Foton\.m2\repository\io\quarkus\quarkus-credentials\3.2.12.Final\quarkus-credentials-3.2.12.Final.jar;C:\Users\Foton\.m2\repository\io\quarkus\quarkus-mutiny\3.2.12.Final\quarkus-mutiny-3.2.12.Final.jar;C:\Users\Foton\.m2\repository\io\quarkus\quarkus-smallrye-context-propagation\3.2.12.Final\quarkus-smallrye-context-propagation-3.2.12.Final.jar;C:\Users\Foton\.m2\repository\io\smallrye\smallrye-context-propagation\2.1.0\smallrye-context-propagation-2.1.0.jar;C:\Users\Foton\.m2\repository\io\smallrye\smallrye-context-propagation-api\2.1.0\smallrye-context-propagation-api-2.1.0.jar;C:\Users\Foton\.m2\repository\io\smallrye\smallrye-context-propagation-storage\2.1.0\smallrye-context-propagation-storage-2.1.0.jar;C:\Users\Foton\.m2\repository\io\smallrye\reactive\mutiny-smallrye-context-propagation\2.3.1\mutiny-smallrye-context-propagation-2.3.1.jar;C:\Users\Foton\.m2\repository\io\smallrye\common\smallrye-common-vertx-context\2.1.0\smallrye-common-vertx-context-2.1.0.jar;C:\Users\Foton\.m2\repository\io\vertx\vertx-core\4.4.9\vertx-core-4.4.9.jar;C:\Users\Foton\.m2\repository\io\netty\netty-common\4.1.108.Final\netty-common-4.1.108.Final.jar;C:\Users\Foton\.m2\repository\io\netty\netty-handler-proxy\4.1.108.Final\netty-handler-proxy-4.1.108.Final.jar;C:\Users\Foton\.m2\repository\io\netty\netty-codec-socks\4.1.108.Final\netty-codec-socks-4.1.108.Final.jar;C:\Users\Foton\.m2\repository\io\netty\netty-resolver\4.1.108.Final\netty-resolver-4.1.108.Final.jar;C:\Users\Foton\.m2\repository\io\netty\netty-resolver-dns\4.1.108.Final\netty-resolver-dns-4.1.108.Final.jar;C:\Users\Foton\.m2\repository\io\netty\netty-codec-dns\4.1.108.Final\netty-codec-dns-4.1.108.Final.jar;C:\Users\Foton\.m2\repository\io\smallrye\common\smallrye-common-constraint\2.1.0\smallrye-common-constraint-2.1.0.jar;C:\Users\Foton\.m2\repository\io\quarkus\quarkus-vertx-http-dev-console-runtime-spi\3.2.12.Final\quarkus-vertx-http-dev-console-runtime-spi-3.2.12.Final.jar;C:\Users\Foton\.m2\repository\io\quarkus\security\quarkus-security\2.0.2.Final\quarkus-security-2.0.2.Final.jar;C:\Users\Foton\.m2\repository\io\smallrye\reactive\smallrye-mutiny-vertx-web\3.7.2\smallrye-mutiny-vertx-web-3.7.2.jar;C:\Users\Foton\.m2\repository\io\smallrye\reactive\smallrye-mutiny-vertx-web-common\3.7.2\smallrye-mutiny-vertx-web-common-3.7.2.jar;C:\Users\Foton\.m2\repository\io\smallrye\reactive\smallrye-mutiny-vertx-auth-common\3.7.2\smallrye-mutiny-vertx-auth-common-3.7.2.jar;C:\Users\Foton\.m2\repository\io\smallrye\reactive\smallrye-mutiny-vertx-bridge-common\3.7.2\smallrye-mutiny-vertx-bridge-common-3.7.2.jar;C:\Users\Foton\.m2\repository\io\smallrye\reactive\smallrye-mutiny-vertx-uri-template\3.7.2\smallrye-mutiny-vertx-uri-template-3.7.2.jar;C:\Users\Foton\.m2\repository\io\vertx\vertx-uri-template\4.4.9\vertx-uri-template-4.4.9.jar;C:\Users\Foton\.m2\repository\io\vertx\vertx-web\4.4.9\vertx-web-4.4.9.jar;C:\Users\Foton\.m2\repository\io\vertx\vertx-web-common\4.4.9\vertx-web-common-4.4.9.jar;C:\Users\Foton\.m2\repository\io\vertx\vertx-auth-common\4.4.9\vertx-auth-common-4.4.9.jar;C:\Users\Foton\.m2\repository\io\vertx\vertx-bridge-common\4.4.9\vertx-bridge-common-4.4.9.jar;C:\Users\Foton\.m2\repository\io\github\crac\org-crac\0.1.3\org-crac-0.1.3.jar;"/>
    <property name="sun.cpu.endian" value="little"/>
    <property name="vertx.disableWebsockets" value="true"/>
    <property name="user.home" value="C:\Users\Foton"/>
    <property name="user.language" value="pt"/>
    <property name="jboss.log-version" value="false"/>
    <property name="java.specification.vendor" value="Oracle Corporation"/>
    <property name="io.netty.allocator.maxOrder" value="3"/>
    <property name="java.version.date" value="2025-07-15"/>
    <property name="java.home" value="C:\Program Files\Java\jdk-21"/>
    <property name="file.separator" value="\"/>
    <property name="basedir" value="C:\Users\Foton\Documents\projetos\desafio_dev_senior"/>
    <property name="java.vm.compressedOopsMode" value="32-bit"/>
    <property name="line.separator" value="&#10;"/>
    <property name="java.vm.specification.vendor" value="Oracle Corporation"/>
    <property name="java.specification.name" value="Java Platform API Specification"/>
    <property name="surefire.real.class.path" value="C:\Users\Foton\AppData\Local\Temp\surefire2986749450672491315\surefirebooter-20251005150251603_3.jar"/>
    <property name="user.script" value=""/>
    <property name="sun.management.compiler" value="HotSpot 64-Bit Tiered Compilers"/>
    <property name="java.runtime.version" value="21.0.8+12-LTS-250"/>
    <property name="user.name" value="Foton"/>
    <property name="stdout.encoding" value="Cp1252"/>
    <property name="path.separator" value=";"/>
    <property name="os.version" value="10.0"/>
    <property name="java.runtime.name" value="Java(TM) SE Runtime Environment"/>
    <property name="file.encoding" value="UTF-8"/>
    <property name="java.vm.name" value="Java HotSpot(TM) 64-Bit Server VM"/>
    <property name="localRepository" value="C:\Users\Foton\.m2\repository"/>
    <property name="java.vendor.url.bug" value="https://bugreport.java.com/bugreport/"/>
    <property name="java.io.tmpdir" value="C:\Users\Foton\AppData\Local\Temp\"/>
    <property name="quarkus.log.file.path" value="target\quarkus.log"/>
    <property name="java.version" value="21.0.8"/>
    <property name="java.util.concurrent.ForkJoinPool.common.threadFactory" value="io.quarkus.bootstrap.forkjoin.QuarkusForkJoinWorkerThreadFactory"/>
    <property name="user.dir" value="C:\Users\Foton\Documents\projetos\desafio_dev_senior"/>
    <property name="os.arch" value="amd64"/>
    <property name="java.vm.specification.name" value="Java Virtual Machine Specification"/>
    <property name="vertx.disableDnsResolver" value="true"/>
    <property name="sun.os.patch.level" value=""/>
    <property name="native.encoding" value="Cp1252"/>
    <property name="java.util.logging.manager" value="org.jboss.logmanager.LogManager"/>
    <property name="java.library.path" value="C:\Program Files\Java\jdk-21\bin;C:\WINDOWS\Sun\Java\bin;C:\WINDOWS\system32;C:\WINDOWS;C:\Python313\Scripts\;C:\Python313\;C:\Program Files\Common Files\Oracle\Java\javapath;C:\Program Files (x86)\Common Files\Oracle\Java\javapath;C:\WINDOWS\system32;C:\WINDOWS;C:\WINDOWS\System32\Wbem;C:\WINDOWS\System32\WindowsPowerShell\v1.0\;C:\WINDOWS\System32\OpenSSH\;C:\Program Files\dotnet\;C:\kafka_2.12-3.9.0\bin;C:\Program Files\Java\jdk-21\bin;C:\Program Files\Git\cmd;C:\apache-maven-3.9.9\bin;;C:\Program Files\Microsoft SQL Server\150\Tools\Binn\;C:\Program Files\Microsoft SQL Server\Client SDK\ODBC\170\Tools\Binn\;C:\Program Files\Docker\Docker\resources\bin;C:\Program Files\nodejs\;C:\ProgramData\chocolatey\bin;C:\Users\Foton\AppData\Local\Microsoft\WindowsApps;C:\Users\Foton\AppData\Local\Programs\Microsoft VS Code\bin;C:\Program Files\Java\jdk-21\bin;C:\Users\Foton\.dotnet\tools;C:\Program Files\JetBrains\IntelliJ IDEA Community Edition 2025.2.1\bin;C:\Users\Foton\AppData\Local\Programs\DDN_CLI;C:\Program Files\JetBrains\IntelliJ IDEA 2025.2.2\bin;C:\Users\Foton\AppData\Roaming\npm;."/>
    <property name="java.vm.info" value="mixed mode, sharing"/>
    <property name="stderr.encoding" value="Cp1252"/>
    <property name="java.vendor" value="Oracle Corporation"/>
    <property name="vertx.disableTCCL" value="true"/>
    <property name="java.vm.version" value="21.0.8+12-LTS-250"/>
    <property name="sun.io.unicode.encoding" value="UnicodeLittle"/>
    <property name="io.netty.machineId" value="fa:27:4e:3d:23:5a:50:a4"/>
    <property name="java.class.version" value="65.0"/>
    <property name="mp.openapi.extensions.smallrye.defaultConsumes" value="application/json"/>
  </properties>
  <testcase name="deveCriarUsuarioComSucesso" classname="br.com.UsuarioServiceTest" time="0.105">
    <system-out><![CDATA[Hibernate: 
    delete 
    from
        usuarios
Hibernate: 
    select
        nextval('usuarios_SEQ')
Hibernate: 
    insert 
    into
        usuarios
        (email,nome,role,id) 
    values
        (?,?,?,?)
2025-10-05 15:03:12,797 TRACE [org.hib.orm.jdb.bind] (main) binding parameter [1] as [VARCHAR] - [emilson@teste.com]
2025-10-05 15:03:12,798 TRACE [org.hib.orm.jdb.bind] (main) binding parameter [2] as [VARCHAR] - [Emilson]
2025-10-05 15:03:12,799 TRACE [org.hib.orm.jdb.bind] (main) binding parameter [3] as [VARCHAR] - [null]
2025-10-05 15:03:12,799 TRACE [org.hib.orm.jdb.bind] (main) binding parameter [4] as [BIGINT] - [51]
]]></system-out>
  </testcase>
  <testcase name="deveAtualizarUsuarioComSucesso" classname="br.com.UsuarioServiceTest" time="0.144">
    <system-out><![CDATA[Hibernate: 
    delete 
    from
        usuarios
Hibernate: 
    insert 
    into
        usuarios
        (email,nome,role,id) 
    values
        (?,?,?,?)
2025-10-05 15:03:12,884 TRACE [org.hib.orm.jdb.bind] (main) binding parameter [1] as [VARCHAR] - [email@antigo.com]
2025-10-05 15:03:12,885 TRACE [org.hib.orm.jdb.bind] (main) binding parameter [2] as [VARCHAR] - [Nome Antigo]
2025-10-05 15:03:12,885 TRACE [org.hib.orm.jdb.bind] (main) binding parameter [3] as [VARCHAR] - [null]
2025-10-05 15:03:12,886 TRACE [org.hib.orm.jdb.bind] (main) binding parameter [4] as [BIGINT] - [52]
Hibernate: 
    update
        usuarios 
    set
        email=?,
        nome=?,
        role=? 
    where
        id=?
2025-10-05 15:03:12,937 TRACE [org.hib.orm.jdb.bind] (main) binding parameter [1] as [VARCHAR] - [email@novo.com]
2025-10-05 15:03:12,938 TRACE [org.hib.orm.jdb.bind] (main) binding parameter [2] as [VARCHAR] - [Nome Novo]
2025-10-05 15:03:12,938 TRACE [org.hib.orm.jdb.bind] (main) binding parameter [3] as [VARCHAR] - [null]
2025-10-05 15:03:12,939 TRACE [org.hib.orm.jdb.bind] (main) binding parameter [4] as [BIGINT] - [52]
]]></system-out>
  </testcase>
  <testcase name="deveDeletarUsuarioComSucesso" classname="br.com.UsuarioServiceTest" time="0.07">
    <system-out><![CDATA[Hibernate: 
    delete 
    from
        usuarios
Hibernate: 
    insert 
    into
        usuarios
        (email,nome,role,id) 
    values
        (?,?,?,?)
2025-10-05 15:03:13,026 TRACE [org.hib.orm.jdb.bind] (main) binding parameter [1] as [VARCHAR] - [deletar@teste.com]
2025-10-05 15:03:13,027 TRACE [org.hib.orm.jdb.bind] (main) binding parameter [2] as [VARCHAR] - [Para Deletar]
2025-10-05 15:03:13,028 TRACE [org.hib.orm.jdb.bind] (main) binding parameter [3] as [VARCHAR] - [null]
2025-10-05 15:03:13,028 TRACE [org.hib.orm.jdb.bind] (main) binding parameter [4] as [BIGINT] - [53]
Hibernate: 
    delete 
    from
        usuarios 
    where
        id=?
2025-10-05 15:03:13,037 TRACE [org.hib.orm.jdb.bind] (main) binding parameter [1] as [BIGINT] - [53]
]]></system-out>
  </testcase>
  <testcase name="deveLancarExcecaoAoAtualizarUsuarioInexistente" classname="br.com.UsuarioServiceTest" time="0.047">
    <system-out><![CDATA[Hibernate: 
    delete 
    from
        usuarios
Hibernate: 
    select
        u1_0.id,
        u1_0.email,
        u1_0.nome,
        u1_0.role 
    from
        usuarios u1_0 
    where
        u1_0.id=?
2025-10-05 15:03:13,081 TRACE [org.hib.orm.jdb.bind] (main) binding parameter [1] as [BIGINT] - [999]
]]></system-out>
  </testcase>
  <testcase name="deveBuscarUsuarioPorIdComSucesso" classname="br.com.UsuarioServiceTest" time="0.053">
    <system-out><![CDATA[Hibernate: 
    delete 
    from
        usuarios
Hibernate: 
    insert 
    into
        usuarios
        (email,nome,role,id) 
    values
        (?,?,?,?)
2025-10-05 15:03:13,133 TRACE [org.hib.orm.jdb.bind] (main) binding parameter [1] as [VARCHAR] - [buscar@teste.com]
2025-10-05 15:03:13,134 TRACE [org.hib.orm.jdb.bind] (main) binding parameter [2] as [VARCHAR] - [Buscar Teste]
2025-10-05 15:03:13,136 TRACE [org.hib.orm.jdb.bind] (main) binding parameter [3] as [VARCHAR] - [null]
2025-10-05 15:03:13,138 TRACE [org.hib.orm.jdb.bind] (main) binding parameter [4] as [BIGINT] - [54]
]]></system-out>
  </testcase>
  <testcase name="deveListarTodosOsUsuarios" classname="br.com.UsuarioServiceTest" time="0.048">
    <system-out><![CDATA[Hibernate: 
    delete 
    from
        usuarios
Hibernate: 
    insert 
    into
        usuarios
        (email,nome,role,id) 
    values
        (?,?,?,?)
2025-10-05 15:03:13,195 TRACE [org.hib.orm.jdb.bind] (main) binding parameter [1] as [VARCHAR] - [um@teste.com]
2025-10-05 15:03:13,196 TRACE [org.hib.orm.jdb.bind] (main) binding parameter [2] as [VARCHAR] - [Usuario Um]
2025-10-05 15:03:13,196 TRACE [org.hib.orm.jdb.bind] (main) binding parameter [3] as [VARCHAR] - [null]
2025-10-05 15:03:13,196 TRACE [org.hib.orm.jdb.bind] (main) binding parameter [4] as [BIGINT] - [55]
Hibernate: 
    insert 
    into
        usuarios
        (email,nome,role,id) 
    values
        (?,?,?,?)
2025-10-05 15:03:13,202 TRACE [org.hib.orm.jdb.bind] (main) binding parameter [1] as [VARCHAR] - [dois@teste.com]
2025-10-05 15:03:13,203 TRACE [org.hib.orm.jdb.bind] (main) binding parameter [2] as [VARCHAR] - [Usuario Dois]
2025-10-05 15:03:13,204 TRACE [org.hib.orm.jdb.bind] (main) binding parameter [3] as [VARCHAR] - [null]
2025-10-05 15:03:13,204 TRACE [org.hib.orm.jdb.bind] (main) binding parameter [4] as [BIGINT] - [56]
Hibernate: 
    select
        u1_0.id,
        u1_0.email,
        u1_0.nome,
        u1_0.role 
    from
        usuarios u1_0
]]></system-out>
  </testcase>
</testsuite>